Using pre-set license
Built from '6000.0/staging' branch; Version is '6000.0.48f1 (170d2541580d) revision 1510693'; Using compiler version '193933523'; Build Type 'Release'
OS: 'Windows 10  (10.0.17763) 64bit Professional' Language: 'zh' Physical Memory: 16317 MB
BatchMode: 1, IsHumanControllingUs: 0, StartBugReporterOnCrash: 0, Is64bit: 1, IsPro: 1

COMMAND LINE ARGUMENTS:
C:\Program Files\Unity\Hub\Editor\6000.0.48f1\Editor\Unity.exe
-adb2
-batchMode
-noUpm
-name
AssetImportWorker0
-projectPath
C:/Users/user/Documents/GitHub/MING-HAO-VR/NewEscapeislandVR
-logFile
Logs/AssetImportWorker0.log
-srvPort
9387
-job-worker-count
2
-background-job-worker-count
8
-gc-helper-count
1
Successfully changed project path to: C:/Users/user/Documents/GitHub/MING-HAO-VR/NewEscapeislandVR
C:/Users/user/Documents/GitHub/MING-HAO-VR/NewEscapeislandVR
[UnityMemory] Configuration Parameters - Can be set up in boot.config
    "memorysetup-bucket-allocator-granularity=16"
    "memorysetup-bucket-allocator-bucket-count=8"
    "memorysetup-bucket-allocator-block-size=33554432"
    "memorysetup-bucket-allocator-block-count=8"
    "memorysetup-main-allocator-block-size=16777216"
    "memorysetup-thread-allocator-block-size=16777216"
    "memorysetup-gfx-main-allocator-block-size=16777216"
    "memorysetup-gfx-thread-allocator-block-size=16777216"
    "memorysetup-cache-allocator-block-size=4194304"
    "memorysetup-typetree-allocator-block-size=2097152"
    "memorysetup-profiler-bucket-allocator-granularity=16"
    "memorysetup-profiler-bucket-allocator-bucket-count=8"
    "memorysetup-profiler-bucket-allocator-block-size=33554432"
    "memorysetup-profiler-bucket-allocator-block-count=8"
    "memorysetup-profiler-allocator-block-size=16777216"
    "memorysetup-profiler-editor-allocator-block-size=1048576"
    "memorysetup-temp-allocator-size-main=16777216"
    "memorysetup-job-temp-allocator-block-size=2097152"
    "memorysetup-job-temp-allocator-block-size-background=1048576"
    "memorysetup-job-temp-allocator-reduction-small-platforms=262144"
    "memorysetup-allocator-temp-initial-block-size-main=262144"
    "memorysetup-allocator-temp-initial-block-size-worker=262144"
    "memorysetup-temp-allocator-size-background-worker=32768"
    "memorysetup-temp-allocator-size-job-worker=262144"
    "memorysetup-temp-allocator-size-preload-manager=33554432"
    "memorysetup-temp-allocator-size-nav-mesh-worker=65536"
    "memorysetup-temp-allocator-size-audio-worker=65536"
    "memorysetup-temp-allocator-size-cloud-worker=32768"
    "memorysetup-temp-allocator-size-gi-baking-worker=262144"
    "memorysetup-temp-allocator-size-gi-baking-worker=262144"
    "memorysetup-temp-allocator-size-gi-baking-worker=262144"
    "memorysetup-temp-allocator-size-gi-baking-worker=262144"
    "memorysetup-temp-allocator-size-gi-baking-worker=262144"
    "memorysetup-temp-allocator-size-gfx=262144"
Player connection [66864]  Target information:

Player connection [66864]  * "[IP] 192.168.0.244 [Port] 0 [Flags] 2 [Guid] 2834054258 [EditorId] 2834054258 [Version] 1048832 [Id] WindowsEditor(7,DESKTOP-2VKF6QC) [Debug] 1 [PackageName] WindowsEditor [ProjectName] Editor" 

Player connection [66864] Host joined multi-casting on [225.0.0.222:54997]...
Player connection [66864] Host joined alternative multi-casting on [225.0.0.222:34997]...
JobSystem: Creating JobQueue using job-worker-count value 2
Input System module state changed to: Initialized.
[Physics::Module] Initialized fallback backend.
[Physics::Module] Id: 0xdecafbad
Library Redirect Path: Library/
[Physics::Module] Selected backend.
[Physics::Module] Name: PhysX
[Physics::Module] Id: 0xf2b8ea05
[Physics::Module] SDK Version: 4.1.2
[Physics::Module] Integration Version: 1.0.0
[Physics::Module] Threading Mode: Multi-Threaded
Refreshing native plugins compatible for Editor in 47.45 ms, found 9 plugins.
Preloading 0 native plugins for Editor in 0.00 ms.
Initialize engine version: 6000.0.48f1 (170d2541580d)
[Subsystems] Discovering subsystems at path C:/Program Files/Unity/Hub/Editor/6000.0.48f1/Editor/Data/Resources/UnitySubsystems
[Subsystems] Discovering subsystems at path C:/Users/user/Documents/GitHub/MING-HAO-VR/NewEscapeislandVR/Assets
GfxDevice: creating device client; kGfxThreadingModeNonThreaded
Direct3D:
    Version:  Direct3D 11.0 [level 11.1]
    Renderer: NVIDIA GeForce RTX 3050 (ID=0x2584)
    Vendor:   NVIDIA
    VRAM:     6002 MB
    Driver:   32.0.15.7602
Initialize mono
Mono path[0] = 'C:/Program Files/Unity/Hub/Editor/6000.0.48f1/Editor/Data/Managed'
Mono path[1] = 'C:/Program Files/Unity/Hub/Editor/6000.0.48f1/Editor/Data/MonoBleedingEdge/lib/mono/unityjit-win32'
Mono config path = 'C:/Program Files/Unity/Hub/Editor/6000.0.48f1/Editor/Data/MonoBleedingEdge/etc'
Using monoOptions --debugger-agent=transport=dt_socket,embedding=1,server=y,suspend=n,address=127.0.0.1:56996
Begin MonoManager ReloadAssembly
Registering precompiled unity dll's ...
Register platform support module: C:/Program Files/Unity/Hub/Editor/6000.0.48f1/Editor/Data/PlaybackEngines/WebGLSupport/UnityEditor.WebGL.Extensions.dll
Register platform support module: C:/Program Files/Unity/Hub/Editor/6000.0.48f1/Editor/Data/PlaybackEngines/WindowsStandaloneSupport/UnityEditor.WindowsStandalone.Extensions.dll
Register platform support module: C:/Program Files/Unity/Hub/Editor/6000.0.48f1/Editor/Data/PlaybackEngines/AndroidPlayer/UnityEditor.Android.Extensions.dll
Registered in 0.020147 seconds.
- Loaded All Assemblies, in  0.715 seconds
Native extension for Android target not found
Android Extension - Scanning For ADB Devices 732 ms
Native extension for WindowsStandalone target not found
Native extension for WebGL target not found
Mono: successfully reloaded assembly
- Finished resetting the current domain, in  1.176 seconds
Domain Reload Profiling: 1872ms
	BeginReloadAssembly (255ms)
		ExecutionOrderSort (0ms)
		DisableScriptedObjects (0ms)
		BackupInstance (0ms)
		ReleaseScriptingObjects (0ms)
		CreateAndSetChildDomain (1ms)
	RebuildCommonClasses (50ms)
	RebuildNativeTypeToScriptingClass (15ms)
	initialDomainReloadingComplete (113ms)
	LoadAllAssembliesAndSetupDomain (263ms)
		LoadAssemblies (238ms)
		RebuildTransferFunctionScriptingTraits (0ms)
		AnalyzeDomain (257ms)
			TypeCache.Refresh (256ms)
				TypeCache.ScanAssembly (237ms)
			BuildScriptInfoCaches (0ms)
			ResolveRequiredComponents (0ms)
	FinalizeReload (1176ms)
		ReleaseScriptCaches (0ms)
		RebuildScriptCaches (0ms)
		SetupLoadedEditorAssemblies (1128ms)
			LogAssemblyErrors (0ms)
			InitializePlatformSupportModulesInManaged (849ms)
			SetLoadedEditorAssemblies (4ms)
			BeforeProcessingInitializeOnLoad (61ms)
			ProcessInitializeOnLoadAttributes (130ms)
			ProcessInitializeOnLoadMethodAttributes (84ms)
			AfterProcessingInitializeOnLoad (0ms)
			EditorAssembliesLoaded (0ms)
		ExecutionOrderSort2 (0ms)
		AwakeInstancesAfterBackupRestoration (0ms)
========================================================================
Worker process is ready to serve import requests
Import Worker Mode flag is 0x00
Begin MonoManager ReloadAssembly
- Loaded All Assemblies, in  1.508 seconds
Refreshing native plugins compatible for Editor in 31.41 ms, found 9 plugins.
Native extension for Android target not found
Native extension for WindowsStandalone target not found
Native extension for WebGL target not found
Package Manager log level set to [2]
[Package Manager] Failed to launch server process. Reason: Unity was launched with the -noUpm command-line argument
[Package Manager] Unable to send message (not connected to server process).
[Package Manager] Cannot connect to Unity Package Manager local server
Mono: successfully reloaded assembly
[Package Manager] Failed to launch server process. Reason: Unity was launched with the -noUpm command-line argument
[Package Manager] Unable to send message (not connected to server process).
[Package Manager] Cannot connect to Unity Package Manager local server
[Package Manager] Failed to launch server process. Reason: Unity was launched with the -noUpm command-line argument
[Package Manager] Unable to send message (not connected to server process).
[Package Manager] Cannot connect to Unity Package Manager local server
- Finished resetting the current domain, in  0.871 seconds
Domain Reload Profiling: 2343ms
	BeginReloadAssembly (321ms)
		ExecutionOrderSort (0ms)
		DisableScriptedObjects (7ms)
		BackupInstance (0ms)
		ReleaseScriptingObjects (0ms)
		CreateAndSetChildDomain (39ms)
	RebuildCommonClasses (55ms)
	RebuildNativeTypeToScriptingClass (17ms)
	initialDomainReloadingComplete (84ms)
	LoadAllAssembliesAndSetupDomain (994ms)
		LoadAssemblies (908ms)
		RebuildTransferFunctionScriptingTraits (0ms)
		AnalyzeDomain (303ms)
			TypeCache.Refresh (248ms)
				TypeCache.ScanAssembly (228ms)
			BuildScriptInfoCaches (45ms)
			ResolveRequiredComponents (6ms)
	FinalizeReload (872ms)
		ReleaseScriptCaches (0ms)
		RebuildScriptCaches (0ms)
		SetupLoadedEditorAssemblies (708ms)
			LogAssemblyErrors (0ms)
			InitializePlatformSupportModulesInManaged (20ms)
			SetLoadedEditorAssemblies (4ms)
			BeforeProcessingInitializeOnLoad (214ms)
			ProcessInitializeOnLoadAttributes (358ms)
			ProcessInitializeOnLoadMethodAttributes (75ms)
			AfterProcessingInitializeOnLoad (37ms)
			EditorAssembliesLoaded (0ms)
		ExecutionOrderSort2 (0ms)
		AwakeInstancesAfterBackupRestoration (29ms)
Launched and connected shader compiler UnityShaderCompiler.exe after 0.02 seconds
Refreshing native plugins compatible for Editor in 33.51 ms, found 9 plugins.
Preloading 0 native plugins for Editor in 0.00 ms.
Unloading 9 Unused Serialized files (Serialized files now loaded: 0)
Unloading 4209 unused Assets / (1.5 MB). Loaded Objects now: 4716.
Memory consumption went from 90.7 MB to 89.2 MB.
Total: 8.337800 ms (FindLiveObjects: 0.780500 ms CreateObjectMapping: 0.829700 ms MarkObjects: 5.060200 ms  DeleteObjects: 1.665800 ms)

========================================================================
Received Import Request.
  Time since last request: 3593128.822193 seconds.
  path: Assets/Prefab/bucket2.prefab
  artifactKey: Guid(dd0f80f21f7640643a809362be6f3757) Importer(815301076,1909f56bfc062723c751e8b465ee728b)
Start importing Assets/Prefab/bucket2.prefab using Guid(dd0f80f21f7640643a809362be6f3757) Importer(815301076,1909f56bfc062723c751e8b465ee728b) (PreviewImporter) -> (artifact id: '0bcdf5a088862888922d0fcc1cde9fc1') in 0.1454139 seconds
Number of updated asset objects reloaded before import = 0Number of asset objects unloaded after import = 10

========================================================================
Received Import Request.
  Time since last request: 8.699057 seconds.
  path: Assets/Prefab/bucket2.prefab
  artifactKey: Guid(dd0f80f21f7640643a809362be6f3757) Importer(815301076,1909f56bfc062723c751e8b465ee728b)
Start importing Assets/Prefab/bucket2.prefab using Guid(dd0f80f21f7640643a809362be6f3757) Importer(815301076,1909f56bfc062723c751e8b465ee728b) (PreviewImporter) -> (artifact id: '6e7f595963ede3a98a0f2cd8b469ddcf') in 0.0125661 seconds
Number of updated asset objects reloaded before import = 0Number of asset objects unloaded after import = 10

========================================================================
Received Import Request.
  Time since last request: 0.801249 seconds.
  path: Assets/Prefab/bucket2.prefab
  artifactKey: Guid(dd0f80f21f7640643a809362be6f3757) Importer(815301076,1909f56bfc062723c751e8b465ee728b)
Start importing Assets/Prefab/bucket2.prefab using Guid(dd0f80f21f7640643a809362be6f3757) Importer(815301076,1909f56bfc062723c751e8b465ee728b) (PreviewImporter) -> (artifact id: '8c99ce9494cb2ff39fa24ced971b336c') in 0.011654 seconds
Number of updated asset objects reloaded before import = 0Number of asset objects unloaded after import = 10

========================================================================
Received Import Request.
  Time since last request: 5.850757 seconds.
  path: Assets/Prefab/bucket2.prefab
  artifactKey: Guid(dd0f80f21f7640643a809362be6f3757) Importer(815301076,1909f56bfc062723c751e8b465ee728b)
Start importing Assets/Prefab/bucket2.prefab using Guid(dd0f80f21f7640643a809362be6f3757) Importer(815301076,1909f56bfc062723c751e8b465ee728b) (PreviewImporter) -> (artifact id: 'b4eeba2c02699139e5162a5b6eccfd73') in 0.0138588 seconds
Number of updated asset objects reloaded before import = 0Number of asset objects unloaded after import = 10

========================================================================
Received Import Request.
  Time since last request: 10.478559 seconds.
  path: Assets/Prefab/bucket2.prefab
  artifactKey: Guid(dd0f80f21f7640643a809362be6f3757) Importer(815301076,1909f56bfc062723c751e8b465ee728b)
Start importing Assets/Prefab/bucket2.prefab using Guid(dd0f80f21f7640643a809362be6f3757) Importer(815301076,1909f56bfc062723c751e8b465ee728b) (PreviewImporter) -> (artifact id: '54ff8a98a2a6b98aa23dd5197d88f50d') in 0.0107082 seconds
Number of updated asset objects reloaded before import = 0Number of asset objects unloaded after import = 10

========================================================================
Received Import Request.
  Time since last request: 1.805229 seconds.
  path: Assets/Prefab/bucket2.prefab
  artifactKey: Guid(dd0f80f21f7640643a809362be6f3757) Importer(815301076,1909f56bfc062723c751e8b465ee728b)
Start importing Assets/Prefab/bucket2.prefab using Guid(dd0f80f21f7640643a809362be6f3757) Importer(815301076,1909f56bfc062723c751e8b465ee728b) (PreviewImporter) -> (artifact id: 'a1a4c0b68222dc46edad9d6c251c0b37') in 0.0125776 seconds
Number of updated asset objects reloaded before import = 0Number of asset objects unloaded after import = 10

========================================================================
Received Import Request.
  Time since last request: 19.180264 seconds.
  path: Assets/Prefab/bucket1.prefab
  artifactKey: Guid(ec0ae64374d784e4d8b888cb42741c26) Importer(815301076,1909f56bfc062723c751e8b465ee728b)
Start importing Assets/Prefab/bucket1.prefab using Guid(ec0ae64374d784e4d8b888cb42741c26) Importer(815301076,1909f56bfc062723c751e8b465ee728b) (PreviewImporter) -> (artifact id: '77898aed7a2b1a5d7ba6d9447d6d0f6c') in 0.0144995 seconds
Number of updated asset objects reloaded before import = 0Number of asset objects unloaded after import = 9

========================================================================
Received Import Request.
  Time since last request: 2.344241 seconds.
  path: Assets/Prefab/bucket1.prefab
  artifactKey: Guid(ec0ae64374d784e4d8b888cb42741c26) Importer(815301076,1909f56bfc062723c751e8b465ee728b)
Start importing Assets/Prefab/bucket1.prefab using Guid(ec0ae64374d784e4d8b888cb42741c26) Importer(815301076,1909f56bfc062723c751e8b465ee728b) (PreviewImporter) -> (artifact id: 'f510b127c4611200fd1407dc20b30f96') in 0.0108797 seconds
Number of updated asset objects reloaded before import = 0Number of asset objects unloaded after import = 10

========================================================================
Received Import Request.
  Time since last request: 2.828428 seconds.
  path: Assets/Prefab/bucket1.prefab
  artifactKey: Guid(ec0ae64374d784e4d8b888cb42741c26) Importer(815301076,1909f56bfc062723c751e8b465ee728b)
Start importing Assets/Prefab/bucket1.prefab using Guid(ec0ae64374d784e4d8b888cb42741c26) Importer(815301076,1909f56bfc062723c751e8b465ee728b) (PreviewImporter) -> (artifact id: '0b135663f866ff29bc42fb2703d5cae5') in 0.0108318 seconds
Number of updated asset objects reloaded before import = 0Number of asset objects unloaded after import = 10

========================================================================
Received Import Request.
  Time since last request: 6.058680 seconds.
  path: Assets/Prefab/bucket1.prefab
  artifactKey: Guid(ec0ae64374d784e4d8b888cb42741c26) Importer(815301076,1909f56bfc062723c751e8b465ee728b)
Start importing Assets/Prefab/bucket1.prefab using Guid(ec0ae64374d784e4d8b888cb42741c26) Importer(815301076,1909f56bfc062723c751e8b465ee728b) (PreviewImporter) -> (artifact id: '8ef03045796ed7cf7ba26af6e222f969') in 0.011437 seconds
Number of updated asset objects reloaded before import = 0Number of asset objects unloaded after import = 10

========================================================================
Received Import Request.
  Time since last request: 19.739383 seconds.
  path: Assets/Prefab/bucket1.prefab
  artifactKey: Guid(ec0ae64374d784e4d8b888cb42741c26) Importer(815301076,1909f56bfc062723c751e8b465ee728b)
Start importing Assets/Prefab/bucket1.prefab using Guid(ec0ae64374d784e4d8b888cb42741c26) Importer(815301076,1909f56bfc062723c751e8b465ee728b) (PreviewImporter) -> (artifact id: 'abbfb0dcdf6b72efd8275900d5581ced') in 0.0111452 seconds
Number of updated asset objects reloaded before import = 0Number of asset objects unloaded after import = 10

========================================================================
Received Import Request.
  Time since last request: 9.533592 seconds.
  path: Assets/Prefab/bucket1.prefab
  artifactKey: Guid(ec0ae64374d784e4d8b888cb42741c26) Importer(815301076,1909f56bfc062723c751e8b465ee728b)
Start importing Assets/Prefab/bucket1.prefab using Guid(ec0ae64374d784e4d8b888cb42741c26) Importer(815301076,1909f56bfc062723c751e8b465ee728b) (PreviewImporter) -> (artifact id: '41ed51462a2a4bb91236583e807e07ea') in 0.011924 seconds
Number of updated asset objects reloaded before import = 0Number of asset objects unloaded after import = 10

========================================================================
Received Import Request.
  Time since last request: 2.802691 seconds.
  path: Assets/Prefab/bucket1.prefab
  artifactKey: Guid(ec0ae64374d784e4d8b888cb42741c26) Importer(815301076,1909f56bfc062723c751e8b465ee728b)
Start importing Assets/Prefab/bucket1.prefab using Guid(ec0ae64374d784e4d8b888cb42741c26) Importer(815301076,1909f56bfc062723c751e8b465ee728b) (PreviewImporter) -> (artifact id: '7c7a3f1444c71d5457e0876c583a4fe3') in 0.0114063 seconds
Number of updated asset objects reloaded before import = 0Number of asset objects unloaded after import = 10

========================================================================
Received Import Request.
  Time since last request: 3.633541 seconds.
  path: Assets/Prefab/bucket1.prefab
  artifactKey: Guid(ec0ae64374d784e4d8b888cb42741c26) Importer(815301076,1909f56bfc062723c751e8b465ee728b)
Start importing Assets/Prefab/bucket1.prefab using Guid(ec0ae64374d784e4d8b888cb42741c26) Importer(815301076,1909f56bfc062723c751e8b465ee728b) (PreviewImporter) -> (artifact id: '5186008d19f8a450ea7f2900e2bdc781') in 0.0150357 seconds
Number of updated asset objects reloaded before import = 0Number of asset objects unloaded after import = 10

